<?xml version="1.0" encoding="UTF-8"?>
<testsuite xmlns:xsi="http://www.w3.org/2001/XMLSchema-instance" xsi:noNamespaceSchemaLocation="https://maven.apache.org/surefire/maven-surefire-plugin/xsd/surefire-test-report-3.0.xsd" version="3.0" name="com.nnk.springboot.controller.BidListControllerTests" time="0.351" tests="6" errors="0" skipped="0" failures="0">
  <properties>
[...]
</properties>
  <testcase name="testValidate" classname="com.nnk.springboot.controller.BidListControllerTests" time="0.089">
    <system-out><![CDATA[2024-12-08T14:38:37.816+01:00  INFO 9079 --- [           main] t.c.s.AnnotationConfigContextLoaderUtils : Could not detect default configuration classes for test class [com.nnk.springboot.controller.BidListControllerTests]: BidListControllerTests does not declare any static, non-private, non-final, nested classes annotated with @Configuration.
2024-12-08T14:38:37.821+01:00  INFO 9079 --- [           main] .b.t.c.SpringBootTestContextBootstrapper : Found @SpringBootConfiguration com.nnk.springboot.Application for test class com.nnk.springboot.controller.BidListControllerTests
2024-12-08T14:38:37.839+01:00  INFO 9079 --- [           main] o.s.b.t.m.w.SpringBootMockServletContext : Initializing Spring TestDispatcherServlet ''
2024-12-08T14:38:37.839+01:00  INFO 9079 --- [           main] o.s.t.web.servlet.TestDispatcherServlet  : Initializing Servlet ''
2024-12-08T14:38:37.842+01:00  INFO 9079 --- [           main] o.s.t.web.servlet.TestDispatcherServlet  : Completed initialization in 2 ms
2024-12-08T14:38:37.891+01:00  INFO 9079 --- [           main] c.n.s.controllers.BidListController      : Enregistrement d'une nouvelle BidList : BidList(id=null, account=Account Test2, type=type Test2, bidQuantity=20.0, askQuantity=null, bid=null, ask=null, benchmark=null, bidListDate=null, commentary=null, security=null, status=null, trader=null, book=null, creationName=null, creationDate=null, revisionName=null, revisionDate=null, dealName=null, dealType=null, sourceListId=null, side=null)
2024-12-08T14:38:37.891+01:00  INFO 9079 --- [           main] c.n.s.services.impl.BidListServiceImpl   : Insertion de la soumission : BidList(id=null, account=Account Test2, type=type Test2, bidQuantity=20.0, askQuantity=null, bid=null, ask=null, benchmark=null, bidListDate=null, commentary=null, security=null, status=null, trader=null, book=null, creationName=null, creationDate=null, revisionName=null, revisionDate=null, dealName=null, dealType=null, sourceListId=null, side=null)
Hibernate: insert into bidlist (account,ask,ask_quantity,benchmark,bid,bid_list_date,bid_quantity,book,commentary,creation_date,creation_name,deal_name,deal_type,revision_date,revision_name,security,side,source_list_id,status,trader,type) values (?,?,?,?,?,?,?,?,?,?,?,?,?,?,?,?,?,?,?,?,?)
2024-12-08T14:38:37.898+01:00  INFO 9079 --- [           main] c.n.s.services.impl.BidListServiceImpl   : Recherche de toutes les soumissions.
Hibernate: select bl1_0.id,bl1_0.account,bl1_0.ask,bl1_0.ask_quantity,bl1_0.benchmark,bl1_0.bid,bl1_0.bid_list_date,bl1_0.bid_quantity,bl1_0.book,bl1_0.commentary,bl1_0.creation_date,bl1_0.creation_name,bl1_0.deal_name,bl1_0.deal_type,bl1_0.revision_date,bl1_0.revision_name,bl1_0.security,bl1_0.side,bl1_0.source_list_id,bl1_0.status,bl1_0.trader,bl1_0.type from bidlist bl1_0
]]></system-out>
  </testcase>
  <testcase name="testShowUpdateForm" classname="com.nnk.springboot.controller.BidListControllerTests" time="0.056">
    <system-out><![CDATA[2024-12-08T14:38:37.929+01:00  INFO 9079 --- [           main] o.s.b.t.m.w.SpringBootMockServletContext : Initializing Spring TestDispatcherServlet ''
2024-12-08T14:38:37.929+01:00  INFO 9079 --- [           main] o.s.t.web.servlet.TestDispatcherServlet  : Initializing Servlet ''
2024-12-08T14:38:37.932+01:00  INFO 9079 --- [           main] o.s.t.web.servlet.TestDispatcherServlet  : Completed initialization in 2 ms
2024-12-08T14:38:37.934+01:00  INFO 9079 --- [           main] c.n.s.services.impl.BidListServiceImpl   : Insertion de la soumission : BidList(id=null, account=Account Test, type=Type Test, bidQuantity=10.0, askQuantity=null, bid=null, ask=null, benchmark=null, bidListDate=null, commentary=null, security=null, status=null, trader=null, book=null, creationName=null, creationDate=null, revisionName=null, revisionDate=null, dealName=null, dealType=null, sourceListId=null, side=null)
Hibernate: insert into bidlist (account,ask,ask_quantity,benchmark,bid,bid_list_date,bid_quantity,book,commentary,creation_date,creation_name,deal_name,deal_type,revision_date,revision_name,security,side,source_list_id,status,trader,type) values (?,?,?,?,?,?,?,?,?,?,?,?,?,?,?,?,?,?,?,?,?)
2024-12-08T14:38:37.945+01:00  INFO 9079 --- [           main] c.n.s.controllers.BidListController      : Récupération de la BidList avec l'ID : 43
2024-12-08T14:38:37.945+01:00  INFO 9079 --- [           main] c.n.s.services.impl.BidListServiceImpl   : Recherche de la soumission avec l'ID : 43
]]></system-out>
  </testcase>
  <testcase name="testUpdateBidList" classname="com.nnk.springboot.controller.BidListControllerTests" time="0.034">
    <system-out><![CDATA[2024-12-08T14:38:37.988+01:00  INFO 9079 --- [           main] o.s.b.t.m.w.SpringBootMockServletContext : Initializing Spring TestDispatcherServlet ''
2024-12-08T14:38:37.988+01:00  INFO 9079 --- [           main] o.s.t.web.servlet.TestDispatcherServlet  : Initializing Servlet ''
2024-12-08T14:38:37.990+01:00  INFO 9079 --- [           main] o.s.t.web.servlet.TestDispatcherServlet  : Completed initialization in 2 ms
2024-12-08T14:38:37.991+01:00  INFO 9079 --- [           main] c.n.s.services.impl.BidListServiceImpl   : Insertion de la soumission : BidList(id=null, account=Account Test, type=Type Test, bidQuantity=10.0, askQuantity=null, bid=null, ask=null, benchmark=null, bidListDate=null, commentary=null, security=null, status=null, trader=null, book=null, creationName=null, creationDate=null, revisionName=null, revisionDate=null, dealName=null, dealType=null, sourceListId=null, side=null)
Hibernate: insert into bidlist (account,ask,ask_quantity,benchmark,bid,bid_list_date,bid_quantity,book,commentary,creation_date,creation_name,deal_name,deal_type,revision_date,revision_name,security,side,source_list_id,status,trader,type) values (?,?,?,?,?,?,?,?,?,?,?,?,?,?,?,?,?,?,?,?,?)
2024-12-08T14:38:38.002+01:00  INFO 9079 --- [           main] c.n.s.controllers.BidListController      : Mise à jour de la BidList avec l'ID : 44
2024-12-08T14:38:38.002+01:00  INFO 9079 --- [           main] c.n.s.services.impl.BidListServiceImpl   : Insertion de la soumission : BidList(id=44, account=Account Test3, type=type Test, bidQuantity=20.0, askQuantity=null, bid=null, ask=null, benchmark=null, bidListDate=null, commentary=null, security=null, status=null, trader=null, book=null, creationName=null, creationDate=null, revisionName=null, revisionDate=null, dealName=null, dealType=null, sourceListId=null, side=null)
2024-12-08T14:38:38.005+01:00  INFO 9079 --- [           main] c.n.s.services.impl.BidListServiceImpl   : Recherche de la soumission avec l'ID : 44
]]></system-out>
  </testcase>
  <testcase name="testShowBidListListPage" classname="com.nnk.springboot.controller.BidListControllerTests" time="0.052">
    <system-out><![CDATA[2024-12-08T14:38:38.028+01:00  INFO 9079 --- [           main] o.s.b.t.m.w.SpringBootMockServletContext : Initializing Spring TestDispatcherServlet ''
2024-12-08T14:38:38.028+01:00  INFO 9079 --- [           main] o.s.t.web.servlet.TestDispatcherServlet  : Initializing Servlet ''
2024-12-08T14:38:38.029+01:00  INFO 9079 --- [           main] o.s.t.web.servlet.TestDispatcherServlet  : Completed initialization in 1 ms
2024-12-08T14:38:38.030+01:00  INFO 9079 --- [           main] c.n.s.services.impl.BidListServiceImpl   : Insertion de la soumission : BidList(id=null, account=Account Test, type=Type Test, bidQuantity=10.0, askQuantity=null, bid=null, ask=null, benchmark=null, bidListDate=null, commentary=null, security=null, status=null, trader=null, book=null, creationName=null, creationDate=null, revisionName=null, revisionDate=null, dealName=null, dealType=null, sourceListId=null, side=null)
Hibernate: insert into bidlist (account,ask,ask_quantity,benchmark,bid,bid_list_date,bid_quantity,book,commentary,creation_date,creation_name,deal_name,deal_type,revision_date,revision_name,security,side,source_list_id,status,trader,type) values (?,?,?,?,?,?,?,?,?,?,?,?,?,?,?,?,?,?,?,?,?)
2024-12-08T14:38:38.038+01:00  INFO 9079 --- [           main] c.n.s.controllers.BidListController      : Récupération de toutes les BidLists.
2024-12-08T14:38:38.038+01:00  INFO 9079 --- [           main] c.n.s.services.impl.BidListServiceImpl   : Recherche de toutes les soumissions.
Hibernate: select bl1_0.id,bl1_0.account,bl1_0.ask,bl1_0.ask_quantity,bl1_0.benchmark,bl1_0.bid,bl1_0.bid_list_date,bl1_0.bid_quantity,bl1_0.book,bl1_0.commentary,bl1_0.creation_date,bl1_0.creation_name,bl1_0.deal_name,bl1_0.deal_type,bl1_0.revision_date,bl1_0.revision_name,bl1_0.security,bl1_0.side,bl1_0.source_list_id,bl1_0.status,bl1_0.trader,bl1_0.type from bidlist bl1_0
]]></system-out>
  </testcase>
  <testcase name="testAddBidListForm" classname="com.nnk.springboot.controller.BidListControllerTests" time="0.034">
    <system-out><![CDATA[2024-12-08T14:38:38.083+01:00  INFO 9079 --- [           main] o.s.b.t.m.w.SpringBootMockServletContext : Initializing Spring TestDispatcherServlet ''
2024-12-08T14:38:38.083+01:00  INFO 9079 --- [           main] o.s.t.web.servlet.TestDispatcherServlet  : Initializing Servlet ''
2024-12-08T14:38:38.086+01:00  INFO 9079 --- [           main] o.s.t.web.servlet.TestDispatcherServlet  : Completed initialization in 2 ms
2024-12-08T14:38:38.088+01:00  INFO 9079 --- [           main] c.n.s.controllers.BidListController      : Affichage du formulaire pour ajouter une nouvelle BidList.
]]></system-out>
  </testcase>
  <testcase name="testDeleteBidList" classname="com.nnk.springboot.controller.BidListControllerTests" time="0.045">
    <system-out><![CDATA[2024-12-08T14:38:38.119+01:00  INFO 9079 --- [           main] o.s.b.t.m.w.SpringBootMockServletContext : Initializing Spring TestDispatcherServlet ''
2024-12-08T14:38:38.120+01:00  INFO 9079 --- [           main] o.s.t.web.servlet.TestDispatcherServlet  : Initializing Servlet ''
2024-12-08T14:38:38.123+01:00  INFO 9079 --- [           main] o.s.t.web.servlet.TestDispatcherServlet  : Completed initialization in 2 ms
2024-12-08T14:38:38.124+01:00  INFO 9079 --- [           main] c.n.s.services.impl.BidListServiceImpl   : Insertion de la soumission : BidList(id=null, account=Account Test, type=Type Test, bidQuantity=10.0, askQuantity=null, bid=null, ask=null, benchmark=null, bidListDate=null, commentary=null, security=null, status=null, trader=null, book=null, creationName=null, creationDate=null, revisionName=null, revisionDate=null, dealName=null, dealType=null, sourceListId=null, side=null)
Hibernate: insert into bidlist (account,ask,ask_quantity,benchmark,bid,bid_list_date,bid_quantity,book,commentary,creation_date,creation_name,deal_name,deal_type,revision_date,revision_name,security,side,source_list_id,status,trader,type) values (?,?,?,?,?,?,?,?,?,?,?,?,?,?,?,?,?,?,?,?,?)
2024-12-08T14:38:38.134+01:00  INFO 9079 --- [           main] c.n.s.controllers.BidListController      : Suppression de la BidList avec l'ID : 46
2024-12-08T14:38:38.135+01:00  INFO 9079 --- [           main] c.n.s.services.impl.BidListServiceImpl   : Recherche de la soumission avec l'ID : 46
2024-12-08T14:38:38.136+01:00  INFO 9079 --- [           main] c.n.s.services.impl.BidListServiceImpl   : Suppression de la soumission avec l'ID : 46
2024-12-08T14:38:38.140+01:00  INFO 9079 --- [           main] c.n.s.services.impl.BidListServiceImpl   : Vérification de l'existence de la soumission avec l'ID : 46
Hibernate: delete from bidlist where id=?
Hibernate: select count(*) from bidlist bl1_0 where bl1_0.id=?
]]></system-out>
  </testcase>
</testsuite>